
  .   ____          _            __ _ _
 /\\ / ___'_ __ _ _(_)_ __  __ _ \ \ \ \
( ( )\___ | '_ | '_| | '_ \/ _` | \ \ \ \
 \\/  ___)| |_)| | | | | || (_| |  ) ) ) )
  '  |____| .__|_| |_|_| |_\__, | / / / /
 =========|_|==============|___/=/_/_/_/

 :: Spring Boot ::               (v3.5.15)

2026-06-22T20:24:49.569+05:30  INFO 15564 --- [resume-ranking-system] [           main] c.r.r.ResumeRankingSystemApplication     : Starting ResumeRankingSystemApplication v0.0.1-SNAPSHOT using Java 25.0.2 with PID 15564 (C:\Users\ruchi\Downloads\resume-ranking-system\resume-ranking-system\target\resume-ranking-system-0.0.1-SNAPSHOT.jar started by ruchi in C:\Users\ruchi\Downloads\resume-ranking-system\resume-ranking-system)
2026-06-22T20:24:49.576+05:30  INFO 15564 --- [resume-ranking-system] [           main] c.r.r.ResumeRankingSystemApplication     : No active profile set, falling back to 1 default profile: "default"
2026-06-22T20:24:50.139+05:30  INFO 15564 --- [resume-ranking-system] [           main] .s.d.r.c.RepositoryConfigurationDelegate : Bootstrapping Spring Data JPA repositories in DEFAULT mode.
2026-06-22T20:24:50.195+05:30  INFO 15564 --- [resume-ranking-system] [           main] .s.d.r.c.RepositoryConfigurationDelegate : Finished Spring Data repository scanning in 45 ms. Found 1 JPA repository interface.
2026-06-22T20:24:50.625+05:30  INFO 15564 --- [resume-ranking-system] [           main] o.s.b.w.embedded.tomcat.TomcatWebServer  : Tomcat initialized with port 8081 (http)
2026-06-22T20:24:50.640+05:30  INFO 15564 --- [resume-ranking-system] [           main] o.apache.catalina.core.StandardService   : Starting service [Tomcat]
2026-06-22T20:24:50.641+05:30  INFO 15564 --- [resume-ranking-system] [           main] o.apache.catalina.core.StandardEngine    : Starting Servlet engine: [Apache Tomcat/10.1.55]
2026-06-22T20:24:50.674+05:30  INFO 15564 --- [resume-ranking-system] [           main] o.a.c.c.C.[Tomcat].[localhost].[/]       : Initializing Spring embedded WebApplicationContext
2026-06-22T20:24:50.676+05:30  INFO 15564 --- [resume-ranking-system] [           main] w.s.c.ServletWebServerApplicationContext : Root WebApplicationContext: initialization completed in 1039 ms
2026-06-22T20:24:50.868+05:30  INFO 15564 --- [resume-ranking-system] [           main] o.hibernate.jpa.internal.util.LogHelper  : HHH000204: Processing PersistenceUnitInfo [name: default]
2026-06-22T20:24:50.925+05:30  INFO 15564 --- [resume-ranking-system] [           main] org.hibernate.Version                    : HHH000412: Hibernate ORM core version 6.6.53.Final
2026-06-22T20:24:50.957+05:30  INFO 15564 --- [resume-ranking-system] [           main] o.h.c.internal.RegionFactoryInitiator    : HHH000026: Second-level cache disabled
2026-06-22T20:24:51.241+05:30  INFO 15564 --- [resume-ranking-system] [           main] o.s.o.j.p.SpringPersistenceUnitInfo      : No LoadTimeWeaver setup: ignoring JPA class transformer
2026-06-22T20:24:51.282+05:30  INFO 15564 --- [resume-ranking-system] [           main] com.zaxxer.hikari.HikariDataSource       : HikariPool-1 - Starting...
2026-06-22T20:24:51.641+05:30  INFO 15564 --- [resume-ranking-system] [           main] com.zaxxer.hikari.pool.HikariPool        : HikariPool-1 - Added connection com.mysql.cj.jdbc.ConnectionImpl@2707c790
2026-06-22T20:24:51.645+05:30  INFO 15564 --- [resume-ranking-system] [           main] com.zaxxer.hikari.HikariDataSource       : HikariPool-1 - Start completed.
2026-06-22T20:24:51.703+05:30  WARN 15564 --- [resume-ranking-system] [           main] org.hibernate.orm.deprecation            : HHH90000025: MySQLDialect does not need to be specified explicitly using 'hibernate.dialect' (remove the property setting and it will be selected by default)
2026-06-22T20:24:51.727+05:30  INFO 15564 --- [resume-ranking-system] [           main] org.hibernate.orm.connections.pooling    : HHH10001005: Database info:
	Database JDBC URL [Connecting through datasource 'HikariDataSource (HikariPool-1)']
	Database driver: undefined/unknown
	Database version: 8.0.46
	Autocommit mode: undefined/unknown
	Isolation level: undefined/unknown
	Minimum pool size: undefined/unknown
	Maximum pool size: undefined/unknown
2026-06-22T20:24:52.425+05:30  INFO 15564 --- [resume-ranking-system] [           main] o.h.e.t.j.p.i.JtaPlatformInitiator       : HHH000489: No JTA platform available (set 'hibernate.transaction.jta.platform' to enable JTA platform integration)
2026-06-22T20:24:52.485+05:30  INFO 15564 --- [resume-ranking-system] [           main] j.LocalContainerEntityManagerFactoryBean : Initialized JPA EntityManagerFactory for persistence unit 'default'
2026-06-22T20:24:52.781+05:30  WARN 15564 --- [resume-ranking-system] [           main] JpaBaseConfiguration$JpaWebConfiguration : spring.jpa.open-in-view is enabled by default. Therefore, database queries may be performed during view rendering. Explicitly configure spring.jpa.open-in-view to disable this warning
2026-06-22T20:24:52.811+05:30  INFO 15564 --- [resume-ranking-system] [           main] o.s.b.a.w.s.WelcomePageHandlerMapping    : Adding welcome page template: index
2026-06-22T20:24:53.147+05:30  INFO 15564 --- [resume-ranking-system] [           main] o.s.b.w.embedded.tomcat.TomcatWebServer  : Tomcat started on port 8081 (http) with context path '/'
2026-06-22T20:24:53.163+05:30  INFO 15564 --- [resume-ranking-system] [           main] c.r.r.ResumeRankingSystemApplication     : Started ResumeRankingSystemApplication in 4.092 seconds (process running for 4.595)
2026-06-22T20:25:21.599+05:30  INFO 15564 --- [resume-ranking-system] [nio-8081-exec-1] o.a.c.c.C.[Tomcat].[localhost].[/]       : Initializing Spring DispatcherServlet 'dispatcherServlet'
2026-06-22T20:25:21.601+05:30  INFO 15564 --- [resume-ranking-system] [nio-8081-exec-1] o.s.web.servlet.DispatcherServlet        : Initializing Servlet 'dispatcherServlet'
2026-06-22T20:25:21.603+05:30  INFO 15564 --- [resume-ranking-system] [nio-8081-exec-1] o.s.web.servlet.DispatcherServlet        : Completed initialization in 1 ms
Hibernate: select c1_0.id,c1_0.job_description,c1_0.name,c1_0.resume_text,c1_0.score from candidate c1_0
Hibernate: select c1_0.id,c1_0.job_description,c1_0.name,c1_0.resume_text,c1_0.score from candidate c1_0
Hibernate: select c1_0.id,c1_0.job_description,c1_0.name,c1_0.resume_text,c1_0.score from candidate c1_0
Hibernate: select c1_0.id,c1_0.job_description,c1_0.name,c1_0.resume_text,c1_0.score from candidate c1_0
Hibernate: select c1_0.id,c1_0.job_description,c1_0.name,c1_0.resume_text,c1_0.score from candidate c1_0
2026-06-22T21:06:41.353+05:30  WARN 15564 --- [resume-ranking-system] [l-1:housekeeper] com.zaxxer.hikari.pool.HikariPool        : HikariPool-1 - Thread starvation or clock leap detected (housekeeper delta=37m19s542ms119µs500ns).
Hibernate: insert into candidate (job_description,name,resume_text,score) values (?,?,?,?)
Hibernate: select c1_0.id,c1_0.job_description,c1_0.name,c1_0.resume_text,c1_0.score from candidate c1_0
Hibernate: insert into candidate (job_description,name,resume_text,score) values (?,?,?,?)
Hibernate: select c1_0.id,c1_0.job_description,c1_0.name,c1_0.resume_text,c1_0.score from candidate c1_0
Hibernate: select c1_0.id,c1_0.job_description,c1_0.name,c1_0.resume_text,c1_0.score from candidate c1_0
Hibernate: update candidate set job_description=?,name=?,resume_text=?,score=? where id=?
Hibernate: update candidate set job_description=?,name=?,resume_text=?,score=? where id=?
Hibernate: select c1_0.id,c1_0.job_description,c1_0.name,c1_0.resume_text,c1_0.score from candidate c1_0
2026-06-22T21:32:16.708+05:30  WARN 15564 --- [resume-ranking-system] [l-1:housekeeper] com.zaxxer.hikari.pool.HikariPool        : HikariPool-1 - Thread starvation or clock leap detected (housekeeper delta=19m5s278ms756µs300ns).
Hibernate: select c1_0.id,c1_0.job_description,c1_0.name,c1_0.resume_text,c1_0.score from candidate c1_0
Hibernate: select c1_0.id,c1_0.job_description,c1_0.name,c1_0.resume_text,c1_0.score from candidate c1_0
Hibernate: insert into candidate (job_description,name,resume_text,score) values (?,?,?,?)
Hibernate: select c1_0.id,c1_0.job_description,c1_0.name,c1_0.resume_text,c1_0.score from candidate c1_0
Hibernate: insert into candidate (job_description,name,resume_text,score) values (?,?,?,?)
Hibernate: select c1_0.id,c1_0.job_description,c1_0.name,c1_0.resume_text,c1_0.score from candidate c1_0
Hibernate: select c1_0.id,c1_0.job_description,c1_0.name,c1_0.resume_text,c1_0.score from candidate c1_0
Hibernate: update candidate set job_description=?,name=?,resume_text=?,score=? where id=?
Hibernate: update candidate set job_description=?,name=?,resume_text=?,score=? where id=?
Hibernate: select c1_0.id,c1_0.job_description,c1_0.name,c1_0.resume_text,c1_0.score from candidate c1_0
Hibernate: select c1_0.id,c1_0.job_description,c1_0.name,c1_0.resume_text,c1_0.score from candidate c1_0
Hibernate: select c1_0.id,c1_0.job_description,c1_0.name,c1_0.resume_text,c1_0.score from candidate c1_0
